

Started GET "/pages/home" for 127.0.0.1 at 2011-05-05 23:20:43 +0300
  Processing by PagesController#home as HTML
Rendered pages/home.html.erb within layouts/application (1.9ms)
Completed 200 OK in 7ms (Views: 6.9ms | ActiveRecord: 0.0ms)


Started GET "/home" for 127.0.0.1 at 2011-05-07 22:07:13 +0200

ActionController::RoutingError (No route matches "/home"):
  

Rendered /Users/ben/.rvm/gems/ruby-1.9.2-p180/gems/actionpack-3.0.7/lib/action_dispatch/middleware/templates/rescues/routing_error.erb within rescues/layout (1.2ms)


Started GET "/pages/home" for 127.0.0.1 at 2011-05-07 22:07:27 +0200
  Processing by PagesController#home as HTML
Rendered pages/home.html.erb (0.4ms)
Completed 200 OK in 5ms (Views: 4.7ms | ActiveRecord: 0.0ms)


Started GET "/pages/about" for 127.0.0.1 at 2011-05-07 22:07:34 +0200
  Processing by PagesController#about as HTML
Rendered pages/about.html.erb (0.5ms)
Completed 200 OK in 5ms (Views: 4.5ms | ActiveRecord: 0.0ms)


Started GET "/pages/contact" for 127.0.0.1 at 2011-05-07 22:07:41 +0200
  Processing by PagesController#contact as HTML
Rendered pages/contact.html.erb (0.4ms)
Completed 200 OK in 5ms (Views: 4.4ms | ActiveRecord: 0.0ms)


Started GET "/pages" for 127.0.0.1 at 2011-05-07 22:39:42 +0200

ActionController::RoutingError (No route matches "/pages"):
  

Rendered /Users/ben/.rvm/gems/ruby-1.9.2-p180/gems/actionpack-3.0.7/lib/action_dispatch/middleware/templates/rescues/routing_error.erb within rescues/layout (1.2ms)


Started GET "/pages/help" for 127.0.0.1 at 2011-05-07 22:39:45 +0200
  Processing by PagesController#help as HTML
Rendered pages/help.html.erb within layouts/application (1.4ms)
Completed 200 OK in 6ms (Views: 6.0ms | ActiveRecord: 0.0ms)


Started GET "/stylesheets/blueprint/screen.css" for 127.0.0.1 at 2011-05-07 22:39:46 +0200

ActionController::RoutingError (No route matches "/stylesheets/blueprint/screen.css"):
  

Rendered /Users/ben/.rvm/gems/ruby-1.9.2-p180/gems/actionpack-3.0.7/lib/action_dispatch/middleware/templates/rescues/routing_error.erb within rescues/layout (1.0ms)


Started GET "/stylesheets/blueprint/print.css" for 127.0.0.1 at 2011-05-07 22:39:46 +0200

ActionController::RoutingError (No route matches "/stylesheets/blueprint/print.css"):
  

Rendered /Users/ben/.rvm/gems/ruby-1.9.2-p180/gems/actionpack-3.0.7/lib/action_dispatch/middleware/templates/rescues/routing_error.erb within rescues/layout (1.1ms)


Started GET "/stylesheets/blueprint/screen.css" for 127.0.0.1 at 2011-05-07 22:40:18 +0200

ActionController::RoutingError (No route matches "/stylesheets/blueprint/screen.css"):
  

Rendered /Users/ben/.rvm/gems/ruby-1.9.2-p180/gems/actionpack-3.0.7/lib/action_dispatch/middleware/templates/rescues/routing_error.erb within rescues/layout (1.2ms)


Started GET "/pages/stylesheets/blueprint/screen.css" for 127.0.0.1 at 2011-05-07 22:40:30 +0200

ActionController::RoutingError (No route matches "/pages/stylesheets/blueprint/screen.css"):
  

Rendered /Users/ben/.rvm/gems/ruby-1.9.2-p180/gems/actionpack-3.0.7/lib/action_dispatch/middleware/templates/rescues/routing_error.erb within rescues/layout (1.0ms)


Started GET "/pages" for 127.0.0.1 at 2011-05-19 21:37:17 +0300

ActionController::RoutingError (No route matches "/pages"):
  

Rendered /Users/ben/.rvm/gems/ruby-1.9.2-p180/gems/actionpack-3.0.7/lib/action_dispatch/middleware/templates/rescues/routing_error.erb within rescues/layout (1.3ms)


Started GET "/pages/home" for 127.0.0.1 at 2011-05-19 21:37:22 +0300
  Processing by PagesController#home as HTML
Rendered pages/home.html.erb within layouts/application (1.4ms)
Completed 200 OK in 7ms (Views: 6.6ms | ActiveRecord: 0.0ms)


Started GET "/stylesheets/blueprint/print.css" for 127.0.0.1 at 2011-05-19 21:37:23 +0300

ActionController::RoutingError (No route matches "/stylesheets/blueprint/print.css"):
  

Rendered /Users/ben/.rvm/gems/ruby-1.9.2-p180/gems/actionpack-3.0.7/lib/action_dispatch/middleware/templates/rescues/routing_error.erb within rescues/layout (1.0ms)


Started GET "/stylesheets/blueprint/screen.css" for 127.0.0.1 at 2011-05-19 21:37:23 +0300

ActionController::RoutingError (No route matches "/stylesheets/blueprint/screen.css"):
  

Rendered /Users/ben/.rvm/gems/ruby-1.9.2-p180/gems/actionpack-3.0.7/lib/action_dispatch/middleware/templates/rescues/routing_error.erb within rescues/layout (1.1ms)


Started GET "/stylesheets/blueprint/screen.css" for 127.0.0.1 at 2011-05-19 21:37:44 +0300

ActionController::RoutingError (No route matches "/stylesheets/blueprint/screen.css"):
  

Rendered /Users/ben/.rvm/gems/ruby-1.9.2-p180/gems/actionpack-3.0.7/lib/action_dispatch/middleware/templates/rescues/routing_error.erb within rescues/layout (1.1ms)


Started GET "/pages/home/stylesheets/blueprint/screen.css" for 127.0.0.1 at 2011-05-19 21:37:51 +0300

ActionController::RoutingError (No route matches "/pages/home/stylesheets/blueprint/screen.css"):
  

Rendered /Users/ben/.rvm/gems/ruby-1.9.2-p180/gems/actionpack-3.0.7/lib/action_dispatch/middleware/templates/rescues/routing_error.erb within rescues/layout (1.2ms)


Started GET "/pages/home" for 127.0.0.1 at 2011-05-21 20:20:15 +0200
  Processing by PagesController#home as HTML
Rendered pages/home.html.erb within layouts/application (1.5ms)
Completed 200 OK in 32ms (Views: 31.3ms | ActiveRecord: 0.0ms)


Started GET "/stylesheets/blueprint/print.css" for 127.0.0.1 at 2011-05-21 20:20:16 +0200

ActionController::RoutingError (No route matches "/stylesheets/blueprint/print.css"):
  

Rendered /Users/ben/.rvm/gems/ruby-1.9.2-p180/gems/actionpack-3.0.7/lib/action_dispatch/middleware/templates/rescues/routing_error.erb within rescues/layout (1.0ms)


Started GET "/stylesheets/blueprint/screen.css" for 127.0.0.1 at 2011-05-21 20:20:16 +0200

ActionController::RoutingError (No route matches "/stylesheets/blueprint/screen.css"):
  

Rendered /Users/ben/.rvm/gems/ruby-1.9.2-p180/gems/actionpack-3.0.7/lib/action_dispatch/middleware/templates/rescues/routing_error.erb within rescues/layout (1.1ms)


Started GET "/pages/about" for 127.0.0.1 at 2011-05-21 20:20:26 +0200
  Processing by PagesController#about as HTML
Rendered pages/about.html.erb within layouts/application (1.7ms)
Completed 200 OK in 73ms (Views: 72.3ms | ActiveRecord: 0.0ms)


Started GET "/stylesheets/blueprint/print.css" for 127.0.0.1 at 2011-05-21 20:20:26 +0200

ActionController::RoutingError (No route matches "/stylesheets/blueprint/print.css"):
  

Rendered /Users/ben/.rvm/gems/ruby-1.9.2-p180/gems/actionpack-3.0.7/lib/action_dispatch/middleware/templates/rescues/routing_error.erb within rescues/layout (1.0ms)


Started GET "/stylesheets/blueprint/screen.css" for 127.0.0.1 at 2011-05-21 20:20:26 +0200

ActionController::RoutingError (No route matches "/stylesheets/blueprint/screen.css"):
  

Rendered /Users/ben/.rvm/gems/ruby-1.9.2-p180/gems/actionpack-3.0.7/lib/action_dispatch/middleware/templates/rescues/routing_error.erb within rescues/layout (1.0ms)


Started GET "/pages/home" for 127.0.0.1 at 2011-05-21 20:40:03 +0200
  Processing by PagesController#home as HTML
Rendered pages/home.html.erb within layouts/application (29.2ms)
Completed   in 34ms

ActionView::Template::Error (undefined local variable or method `title' for #<#<Class:0x00000102c874b0>:0x00000102c852a0>):
    1: <!DOCTYPE html>
    2: <html>
    3:   <head>
    4:     <title><%= title %></title>
    5:     <%= csrf_meta_tag %>
    6:     <!--[if lt IE 9]>
    7:     <script src="http://html5shiv.googlecode.com/svn/trunk/html5.js"></script>
  app/views/layouts/application.html.erb:4:in `_app_views_layouts_application_html_erb__3491231780462948013_2170818100_245661210790958717'

Rendered /Users/ben/.rvm/gems/ruby-1.9.2-p180/gems/actionpack-3.0.7/lib/action_dispatch/middleware/templates/rescues/_trace.erb (1.3ms)
Rendered /Users/ben/.rvm/gems/ruby-1.9.2-p180/gems/actionpack-3.0.7/lib/action_dispatch/middleware/templates/rescues/_request_and_response.erb (2.8ms)
Rendered /Users/ben/.rvm/gems/ruby-1.9.2-p180/gems/actionpack-3.0.7/lib/action_dispatch/middleware/templates/rescues/template_error.erb within rescues/layout (9.9ms)


Started GET "/pages/home" for 127.0.0.1 at 2011-05-21 20:42:22 +0200
  Processing by PagesController#home as HTML
Rendered pages/home.html.erb within layouts/application (1.9ms)
Completed 200 OK in 7ms (Views: 6.5ms | ActiveRecord: 0.0ms)


Started GET "/stylesheets/blueprint/screen.css" for 127.0.0.1 at 2011-05-21 20:42:23 +0200

ActionController::RoutingError (No route matches "/stylesheets/blueprint/screen.css"):
  

Rendered /Users/ben/.rvm/gems/ruby-1.9.2-p180/gems/actionpack-3.0.7/lib/action_dispatch/middleware/templates/rescues/routing_error.erb within rescues/layout (1.3ms)


Started GET "/images/logo.png" for 127.0.0.1 at 2011-05-21 20:42:23 +0200

ActionController::RoutingError (No route matches "/images/logo.png"):
  

Rendered /Users/ben/.rvm/gems/ruby-1.9.2-p180/gems/actionpack-3.0.7/lib/action_dispatch/middleware/templates/rescues/routing_error.erb within rescues/layout (1.1ms)


Started GET "/stylesheets/custom.css" for 127.0.0.1 at 2011-05-21 20:42:23 +0200

ActionController::RoutingError (No route matches "/stylesheets/custom.css"):
  

Rendered /Users/ben/.rvm/gems/ruby-1.9.2-p180/gems/actionpack-3.0.7/lib/action_dispatch/middleware/templates/rescues/routing_error.erb within rescues/layout (1.0ms)


Started GET "/stylesheets/blueprint/print.css" for 127.0.0.1 at 2011-05-21 20:42:23 +0200

ActionController::RoutingError (No route matches "/stylesheets/blueprint/print.css"):
  

Rendered /Users/ben/.rvm/gems/ruby-1.9.2-p180/gems/actionpack-3.0.7/lib/action_dispatch/middleware/templates/rescues/routing_error.erb within rescues/layout (1.2ms)


Started GET "/pages/home" for 127.0.0.1 at 2011-05-21 20:48:01 +0200
  Processing by PagesController#home as HTML
Rendered pages/home.html.erb within layouts/application (2.0ms)
Completed 200 OK in 38ms (Views: 38.1ms | ActiveRecord: 0.0ms)


Started GET "/stylesheets/blueprint/screen.css" for 127.0.0.1 at 2011-05-21 20:48:01 +0200

ActionController::RoutingError (No route matches "/stylesheets/blueprint/screen.css"):
  

Rendered /Users/ben/.rvm/gems/ruby-1.9.2-p180/gems/actionpack-3.0.7/lib/action_dispatch/middleware/templates/rescues/routing_error.erb within rescues/layout (1.0ms)


Started GET "/stylesheets/custom.css" for 127.0.0.1 at 2011-05-21 20:48:01 +0200

ActionController::RoutingError (No route matches "/stylesheets/custom.css"):
  

Rendered /Users/ben/.rvm/gems/ruby-1.9.2-p180/gems/actionpack-3.0.7/lib/action_dispatch/middleware/templates/rescues/routing_error.erb within rescues/layout (1.3ms)


Started GET "/images/logo.png" for 127.0.0.1 at 2011-05-21 20:48:01 +0200

ActionController::RoutingError (No route matches "/images/logo.png"):
  

Rendered /Users/ben/.rvm/gems/ruby-1.9.2-p180/gems/actionpack-3.0.7/lib/action_dispatch/middleware/templates/rescues/routing_error.erb within rescues/layout (1.1ms)


Started GET "/stylesheets/blueprint/print.css" for 127.0.0.1 at 2011-05-21 20:48:01 +0200

ActionController::RoutingError (No route matches "/stylesheets/blueprint/print.css"):
  

Rendered /Users/ben/.rvm/gems/ruby-1.9.2-p180/gems/actionpack-3.0.7/lib/action_dispatch/middleware/templates/rescues/routing_error.erb within rescues/layout (1.1ms)


Started GET "/pages/home" for 127.0.0.1 at 2011-05-21 20:48:03 +0200
  Processing by PagesController#home as HTML
Rendered pages/home.html.erb within layouts/application (2.0ms)
Completed 200 OK in 7ms (Views: 6.4ms | ActiveRecord: 0.0ms)


Started GET "/stylesheets/blueprint/screen.css" for 127.0.0.1 at 2011-05-21 20:48:03 +0200

ActionController::RoutingError (No route matches "/stylesheets/blueprint/screen.css"):
  

Rendered /Users/ben/.rvm/gems/ruby-1.9.2-p180/gems/actionpack-3.0.7/lib/action_dispatch/middleware/templates/rescues/routing_error.erb within rescues/layout (0.9ms)


Started GET "/stylesheets/blueprint/print.css" for 127.0.0.1 at 2011-05-21 20:48:03 +0200

ActionController::RoutingError (No route matches "/stylesheets/blueprint/print.css"):
  

Rendered /Users/ben/.rvm/gems/ruby-1.9.2-p180/gems/actionpack-3.0.7/lib/action_dispatch/middleware/templates/rescues/routing_error.erb within rescues/layout (1.2ms)


Started GET "/images/logo.png" for 127.0.0.1 at 2011-05-21 20:48:03 +0200

ActionController::RoutingError (No route matches "/images/logo.png"):
  

Rendered /Users/ben/.rvm/gems/ruby-1.9.2-p180/gems/actionpack-3.0.7/lib/action_dispatch/middleware/templates/rescues/routing_error.erb within rescues/layout (1.1ms)


Started GET "/stylesheets/custom.css" for 127.0.0.1 at 2011-05-21 20:48:03 +0200

ActionController::RoutingError (No route matches "/stylesheets/custom.css"):
  

Rendered /Users/ben/.rvm/gems/ruby-1.9.2-p180/gems/actionpack-3.0.7/lib/action_dispatch/middleware/templates/rescues/routing_error.erb within rescues/layout (1.1ms)


Started GET "/pages/home" for 127.0.0.1 at 2011-05-21 20:48:03 +0200
  Processing by PagesController#home as HTML
Rendered pages/home.html.erb within layouts/application (2.0ms)
Completed 200 OK in 7ms (Views: 6.2ms | ActiveRecord: 0.0ms)


Started GET "/stylesheets/blueprint/screen.css" for 127.0.0.1 at 2011-05-21 20:48:03 +0200

ActionController::RoutingError (No route matches "/stylesheets/blueprint/screen.css"):
  

Rendered /Users/ben/.rvm/gems/ruby-1.9.2-p180/gems/actionpack-3.0.7/lib/action_dispatch/middleware/templates/rescues/routing_error.erb within rescues/layout (1.0ms)


Started GET "/images/logo.png" for 127.0.0.1 at 2011-05-21 20:48:03 +0200

ActionController::RoutingError (No route matches "/images/logo.png"):
  

Rendered /Users/ben/.rvm/gems/ruby-1.9.2-p180/gems/actionpack-3.0.7/lib/action_dispatch/middleware/templates/rescues/routing_error.erb within rescues/layout (1.3ms)


Started GET "/stylesheets/blueprint/print.css" for 127.0.0.1 at 2011-05-21 20:48:03 +0200

ActionController::RoutingError (No route matches "/stylesheets/blueprint/print.css"):
  

Rendered /Users/ben/.rvm/gems/ruby-1.9.2-p180/gems/actionpack-3.0.7/lib/action_dispatch/middleware/templates/rescues/routing_error.erb within rescues/layout (1.0ms)


Started GET "/stylesheets/custom.css" for 127.0.0.1 at 2011-05-21 20:48:03 +0200

ActionController::RoutingError (No route matches "/stylesheets/custom.css"):
  

Rendered /Users/ben/.rvm/gems/ruby-1.9.2-p180/gems/actionpack-3.0.7/lib/action_dispatch/middleware/templates/rescues/routing_error.erb within rescues/layout (1.0ms)


Started GET "/pages/home" for 127.0.0.1 at 2011-05-21 20:49:05 +0200
  Processing by PagesController#home as HTML
Rendered pages/home.html.erb within layouts/application (2.0ms)
Completed 200 OK in 7ms (Views: 6.1ms | ActiveRecord: 0.0ms)


Started GET "/stylesheets/blueprint/screen.css" for 127.0.0.1 at 2011-05-21 20:49:06 +0200

ActionController::RoutingError (No route matches "/stylesheets/blueprint/screen.css"):
  

Rendered /Users/ben/.rvm/gems/ruby-1.9.2-p180/gems/actionpack-3.0.7/lib/action_dispatch/middleware/templates/rescues/routing_error.erb within rescues/layout (1.0ms)


Started GET "/stylesheets/custom.css" for 127.0.0.1 at 2011-05-21 20:49:06 +0200

ActionController::RoutingError (No route matches "/stylesheets/custom.css"):
  

Rendered /Users/ben/.rvm/gems/ruby-1.9.2-p180/gems/actionpack-3.0.7/lib/action_dispatch/middleware/templates/rescues/routing_error.erb within rescues/layout (1.1ms)


Started GET "/stylesheets/blueprint/print.css" for 127.0.0.1 at 2011-05-21 20:49:06 +0200

ActionController::RoutingError (No route matches "/stylesheets/blueprint/print.css"):
  

Rendered /Users/ben/.rvm/gems/ruby-1.9.2-p180/gems/actionpack-3.0.7/lib/action_dispatch/middleware/templates/rescues/routing_error.erb within rescues/layout (1.1ms)


Started GET "/pages/home" for 127.0.0.1 at 2011-05-21 20:51:12 +0200
  Processing by PagesController#home as HTML
Rendered pages/home.html.erb within layouts/application (39.8ms)
Completed 200 OK in 44ms (Views: 44.1ms | ActiveRecord: 0.0ms)


Started GET "/stylesheets/blueprint/screen.css" for 127.0.0.1 at 2011-05-21 20:51:12 +0200

ActionController::RoutingError (No route matches "/stylesheets/blueprint/screen.css"):
  

Rendered /Users/ben/.rvm/gems/ruby-1.9.2-p180/gems/actionpack-3.0.7/lib/action_dispatch/middleware/templates/rescues/routing_error.erb within rescues/layout (1.0ms)


Started GET "/stylesheets/custom.css" for 127.0.0.1 at 2011-05-21 20:51:12 +0200

ActionController::RoutingError (No route matches "/stylesheets/custom.css"):
  

Rendered /Users/ben/.rvm/gems/ruby-1.9.2-p180/gems/actionpack-3.0.7/lib/action_dispatch/middleware/templates/rescues/routing_error.erb within rescues/layout (1.2ms)


Started GET "/stylesheets/blueprint/print.css" for 127.0.0.1 at 2011-05-21 20:51:12 +0200

ActionController::RoutingError (No route matches "/stylesheets/blueprint/print.css"):
  

Rendered /Users/ben/.rvm/gems/ruby-1.9.2-p180/gems/actionpack-3.0.7/lib/action_dispatch/middleware/templates/rescues/routing_error.erb within rescues/layout (1.0ms)


Started GET "/pages/home" for 127.0.0.1 at 2011-05-21 20:51:13 +0200
  Processing by PagesController#home as HTML
Rendered pages/home.html.erb within layouts/application (1.9ms)
Completed 200 OK in 6ms (Views: 6.1ms | ActiveRecord: 0.0ms)


Started GET "/stylesheets/blueprint/screen.css" for 127.0.0.1 at 2011-05-21 20:51:13 +0200

ActionController::RoutingError (No route matches "/stylesheets/blueprint/screen.css"):
  

Rendered /Users/ben/.rvm/gems/ruby-1.9.2-p180/gems/actionpack-3.0.7/lib/action_dispatch/middleware/templates/rescues/routing_error.erb within rescues/layout (1.0ms)


Started GET "/stylesheets/custom.css" for 127.0.0.1 at 2011-05-21 20:51:13 +0200

ActionController::RoutingError (No route matches "/stylesheets/custom.css"):
  

Rendered /Users/ben/.rvm/gems/ruby-1.9.2-p180/gems/actionpack-3.0.7/lib/action_dispatch/middleware/templates/rescues/routing_error.erb within rescues/layout (1.0ms)


Started GET "/stylesheets/blueprint/print.css" for 127.0.0.1 at 2011-05-21 20:51:13 +0200

ActionController::RoutingError (No route matches "/stylesheets/blueprint/print.css"):
  

Rendered /Users/ben/.rvm/gems/ruby-1.9.2-p180/gems/actionpack-3.0.7/lib/action_dispatch/middleware/templates/rescues/routing_error.erb within rescues/layout (1.1ms)


Started GET "/stylesheets/blueprint/screen.css" for 127.0.0.1 at 2011-05-21 20:51:40 +0200

ActionController::RoutingError (No route matches "/stylesheets/blueprint/screen.css"):
  

Rendered /Users/ben/.rvm/gems/ruby-1.9.2-p180/gems/actionpack-3.0.7/lib/action_dispatch/middleware/templates/rescues/routing_error.erb within rescues/layout (1.0ms)


Started GET "/blueprint/stylesheets/blueprint/screen.css" for 127.0.0.1 at 2011-05-21 20:51:45 +0200

ActionController::RoutingError (No route matches "/blueprint/stylesheets/blueprint/screen.css"):
  

Rendered /Users/ben/.rvm/gems/ruby-1.9.2-p180/gems/actionpack-3.0.7/lib/action_dispatch/middleware/templates/rescues/routing_error.erb within rescues/layout (1.3ms)


Started GET "/pages/home" for 127.0.0.1 at 2011-05-21 20:53:10 +0200
  Processing by PagesController#home as HTML
Rendered pages/home.html.erb within layouts/application (2.1ms)
Completed 200 OK in 7ms (Views: 6.3ms | ActiveRecord: 0.0ms)


Started GET "/stylesheets/custom.css" for 127.0.0.1 at 2011-05-21 20:53:11 +0200

ActionController::RoutingError (No route matches "/stylesheets/custom.css"):
  

Rendered /Users/ben/.rvm/gems/ruby-1.9.2-p180/gems/actionpack-3.0.7/lib/action_dispatch/middleware/templates/rescues/routing_error.erb within rescues/layout (1.0ms)


Started GET "/stylesheets/blueprint/screen.css" for 127.0.0.1 at 2011-05-21 20:53:11 +0200

ActionController::RoutingError (No route matches "/stylesheets/blueprint/screen.css"):
  

Rendered /Users/ben/.rvm/gems/ruby-1.9.2-p180/gems/actionpack-3.0.7/lib/action_dispatch/middleware/templates/rescues/routing_error.erb within rescues/layout (1.0ms)


Started GET "/stylesheets/blueprint/print.css" for 127.0.0.1 at 2011-05-21 20:53:11 +0200

ActionController::RoutingError (No route matches "/stylesheets/blueprint/print.css"):
  

Rendered /Users/ben/.rvm/gems/ruby-1.9.2-p180/gems/actionpack-3.0.7/lib/action_dispatch/middleware/templates/rescues/routing_error.erb within rescues/layout (1.0ms)


Started GET "/pages/home" for 127.0.0.1 at 2011-05-21 20:53:47 +0200
  Processing by PagesController#home as HTML
Rendered pages/home.html.erb within layouts/application (2.0ms)
Completed 200 OK in 7ms (Views: 6.1ms | ActiveRecord: 0.0ms)


Started GET "/stylesheets/custom.css" for 127.0.0.1 at 2011-05-21 20:53:47 +0200

ActionController::RoutingError (No route matches "/stylesheets/custom.css"):
  

Rendered /Users/ben/.rvm/gems/ruby-1.9.2-p180/gems/actionpack-3.0.7/lib/action_dispatch/middleware/templates/rescues/routing_error.erb within rescues/layout (2.9ms)


Started GET "/stylesheets/blueprint/screen.css" for 127.0.0.1 at 2011-05-21 20:53:47 +0200

ActionController::RoutingError (No route matches "/stylesheets/blueprint/screen.css"):
  

Rendered /Users/ben/.rvm/gems/ruby-1.9.2-p180/gems/actionpack-3.0.7/lib/action_dispatch/middleware/templates/rescues/routing_error.erb within rescues/layout (1.1ms)


Started GET "/stylesheets/blueprint/print.css" for 127.0.0.1 at 2011-05-21 20:53:47 +0200

ActionController::RoutingError (No route matches "/stylesheets/blueprint/print.css"):
  

Rendered /Users/ben/.rvm/gems/ruby-1.9.2-p180/gems/actionpack-3.0.7/lib/action_dispatch/middleware/templates/rescues/routing_error.erb within rescues/layout (1.0ms)


Started GET "/stylesheets/blueprint/screen.css" for 127.0.0.1 at 2011-05-21 20:54:00 +0200

ActionController::RoutingError (No route matches "/stylesheets/blueprint/screen.css"):
  

Rendered /Users/ben/.rvm/gems/ruby-1.9.2-p180/gems/actionpack-3.0.7/lib/action_dispatch/middleware/templates/rescues/routing_error.erb within rescues/layout (1.0ms)


Started GET "/pages/home" for 127.0.0.1 at 2011-05-21 20:56:50 +0200
  Processing by PagesController#home as HTML
Rendered pages/home.html.erb within layouts/application (2.2ms)
Completed 200 OK in 7ms (Views: 6.8ms | ActiveRecord: 0.0ms)


Started GET "/stylesheets/custom.css" for 127.0.0.1 at 2011-05-21 20:56:50 +0200

ActionController::RoutingError (No route matches "/stylesheets/custom.css"):
  

Rendered /Users/ben/.rvm/gems/ruby-1.9.2-p180/gems/actionpack-3.0.7/lib/action_dispatch/middleware/templates/rescues/routing_error.erb within rescues/layout (1.1ms)


Started GET "/pages/home" for 127.0.0.1 at 2011-05-21 20:58:34 +0200
  Processing by PagesController#home as HTML
Rendered pages/home.html.erb within layouts/application (2.2ms)
Completed 200 OK in 7ms (Views: 6.4ms | ActiveRecord: 0.0ms)


Started GET "/stylesheets/custom.css" for 127.0.0.1 at 2011-05-21 20:58:34 +0200

ActionController::RoutingError (No route matches "/stylesheets/custom.css"):
  

Rendered /Users/ben/.rvm/gems/ruby-1.9.2-p180/gems/actionpack-3.0.7/lib/action_dispatch/middleware/templates/rescues/routing_error.erb within rescues/layout (1.0ms)


Started GET "/pages/home" for 127.0.0.1 at 2011-05-21 20:58:53 +0200
  Processing by PagesController#home as HTML
Rendered pages/home.html.erb within layouts/application (2.0ms)
Completed 200 OK in 7ms (Views: 6.5ms | ActiveRecord: 0.0ms)


Started GET "/stylesheets/custom.css" for 127.0.0.1 at 2011-05-21 20:58:53 +0200

ActionController::RoutingError (No route matches "/stylesheets/custom.css"):
  

Rendered /Users/ben/.rvm/gems/ruby-1.9.2-p180/gems/actionpack-3.0.7/lib/action_dispatch/middleware/templates/rescues/routing_error.erb within rescues/layout (1.0ms)


Started GET "/pages/home" for 127.0.0.1 at 2011-05-21 21:01:03 +0200
  Processing by PagesController#home as HTML
Rendered pages/home.html.erb within layouts/application (2.1ms)
Completed 200 OK in 7ms (Views: 6.2ms | ActiveRecord: 0.0ms)


Started GET "/stylesheets/custom.css" for 127.0.0.1 at 2011-05-21 21:01:04 +0200

ActionController::RoutingError (No route matches "/stylesheets/custom.css"):
  

Rendered /Users/ben/.rvm/gems/ruby-1.9.2-p180/gems/actionpack-3.0.7/lib/action_dispatch/middleware/templates/rescues/routing_error.erb within rescues/layout (1.0ms)


Started GET "/stylesheets" for 127.0.0.1 at 2011-05-21 21:01:12 +0200

ActionController::RoutingError (No route matches "/stylesheets"):
  

Rendered /Users/ben/.rvm/gems/ruby-1.9.2-p180/gems/actionpack-3.0.7/lib/action_dispatch/middleware/templates/rescues/routing_error.erb within rescues/layout (1.0ms)


Started GET "/pages/home" for 127.0.0.1 at 2011-05-21 21:01:30 +0200
  Processing by PagesController#home as HTML
Rendered pages/home.html.erb within layouts/application (1.9ms)
Completed 200 OK in 6ms (Views: 6.0ms | ActiveRecord: 0.0ms)


Started GET "/stylesheets/custom.css" for 127.0.0.1 at 2011-05-21 21:01:30 +0200

ActionController::RoutingError (No route matches "/stylesheets/custom.css"):
  

Rendered /Users/ben/.rvm/gems/ruby-1.9.2-p180/gems/actionpack-3.0.7/lib/action_dispatch/middleware/templates/rescues/routing_error.erb within rescues/layout (1.0ms)


Started GET "/pages/home" for 127.0.0.1 at 2011-05-21 21:01:54 +0200
  Processing by PagesController#home as HTML
Rendered pages/home.html.erb within layouts/application (2.1ms)
Completed 200 OK in 7ms (Views: 6.6ms | ActiveRecord: 0.0ms)


Started GET "/stylesheets/custom.css" for 127.0.0.1 at 2011-05-21 21:01:55 +0200

ActionController::RoutingError (No route matches "/stylesheets/custom.css"):
  

Rendered /Users/ben/.rvm/gems/ruby-1.9.2-p180/gems/actionpack-3.0.7/lib/action_dispatch/middleware/templates/rescues/routing_error.erb within rescues/layout (1.4ms)


Started GET "/pages/home" for 127.0.0.1 at 2011-05-21 21:02:14 +0200
  Processing by PagesController#home as HTML
Rendered pages/home.html.erb within layouts/application (2.1ms)
Completed 200 OK in 7ms (Views: 6.6ms | ActiveRecord: 0.0ms)


Started GET "/stylesheets/custom.css" for 127.0.0.1 at 2011-05-21 21:02:14 +0200

ActionController::RoutingError (No route matches "/stylesheets/custom.css"):
  

Rendered /Users/ben/.rvm/gems/ruby-1.9.2-p180/gems/actionpack-3.0.7/lib/action_dispatch/middleware/templates/rescues/routing_error.erb within rescues/layout (1.2ms)


Started GET "/pages/home" for 127.0.0.1 at 2011-05-21 21:02:21 +0200
  Processing by PagesController#home as HTML
Rendered pages/home.html.erb within layouts/application (1.9ms)
Completed 200 OK in 6ms (Views: 6.0ms | ActiveRecord: 0.0ms)


Started GET "/stylesheets/custom.css" for 127.0.0.1 at 2011-05-21 21:02:21 +0200

ActionController::RoutingError (No route matches "/stylesheets/custom.css"):
  

Rendered /Users/ben/.rvm/gems/ruby-1.9.2-p180/gems/actionpack-3.0.7/lib/action_dispatch/middleware/templates/rescues/routing_error.erb within rescues/layout (1.2ms)


Started GET "/pages/home" for 127.0.0.1 at 2011-05-21 21:02:28 +0200
  Processing by PagesController#home as HTML
Rendered pages/home.html.erb within layouts/application (1.9ms)
Completed 200 OK in 6ms (Views: 6.1ms | ActiveRecord: 0.0ms)


Started GET "/stylesheets/custom.css" for 127.0.0.1 at 2011-05-21 21:02:28 +0200

ActionController::RoutingError (No route matches "/stylesheets/custom.css"):
  

Rendered /Users/ben/.rvm/gems/ruby-1.9.2-p180/gems/actionpack-3.0.7/lib/action_dispatch/middleware/templates/rescues/routing_error.erb within rescues/layout (1.2ms)


Started GET "/pages/home" for 127.0.0.1 at 2011-05-21 21:04:38 +0200
  Processing by PagesController#home as HTML
Rendered pages/home.html.erb within layouts/application (2.4ms)
Completed 200 OK in 8ms (Views: 7.4ms | ActiveRecord: 0.0ms)


Started GET "/stylesheets/custom.css" for 127.0.0.1 at 2011-05-21 21:04:39 +0200

ActionController::RoutingError (No route matches "/stylesheets/custom.css"):
  

Rendered /Users/ben/.rvm/gems/ruby-1.9.2-p180/gems/actionpack-3.0.7/lib/action_dispatch/middleware/templates/rescues/routing_error.erb within rescues/layout (1.1ms)


Started GET "/pages/about" for 127.0.0.1 at 2011-05-21 21:04:44 +0200
  Processing by PagesController#about as HTML
Rendered pages/about.html.erb within layouts/application (1.9ms)
Completed 200 OK in 7ms (Views: 6.3ms | ActiveRecord: 0.0ms)


Started GET "/stylesheets/custom.css" for 127.0.0.1 at 2011-05-21 21:04:44 +0200

ActionController::RoutingError (No route matches "/stylesheets/custom.css"):
  

Rendered /Users/ben/.rvm/gems/ruby-1.9.2-p180/gems/actionpack-3.0.7/lib/action_dispatch/middleware/templates/rescues/routing_error.erb within rescues/layout (1.0ms)


Started GET "/pages/home" for 127.0.0.1 at 2011-05-21 21:05:56 +0200
  Processing by PagesController#home as HTML
Rendered pages/home.html.erb within layouts/application (2.4ms)
Completed 200 OK in 7ms (Views: 6.7ms | ActiveRecord: 0.0ms)


Started GET "/stylesheets/custom.css" for 127.0.0.1 at 2011-05-21 21:05:56 +0200

ActionController::RoutingError (No route matches "/stylesheets/custom.css"):
  

Rendered /Users/ben/.rvm/gems/ruby-1.9.2-p180/gems/actionpack-3.0.7/lib/action_dispatch/middleware/templates/rescues/routing_error.erb within rescues/layout (1.2ms)


Started GET "/pages/home" for 127.0.0.1 at 2011-05-21 21:06:14 +0200
  Processing by PagesController#home as HTML
Rendered pages/home.html.erb within layouts/application (2.2ms)
Completed 200 OK in 7ms (Views: 6.3ms | ActiveRecord: 0.0ms)


Started GET "/pages/home" for 127.0.0.1 at 2011-05-21 21:06:29 +0200
  Processing by PagesController#home as HTML
Rendered pages/home.html.erb within layouts/application (2.1ms)
Completed 200 OK in 7ms (Views: 6.3ms | ActiveRecord: 0.0ms)


Started GET "/pages/home" for 127.0.0.1 at 2011-05-21 21:06:59 +0200
  Processing by PagesController#home as HTML
Rendered pages/home.html.erb within layouts/application (1.9ms)
Completed 200 OK in 6ms (Views: 6.1ms | ActiveRecord: 0.0ms)


Started GET "/pages/home" for 127.0.0.1 at 2011-05-21 21:07:49 +0200
  Processing by PagesController#home as HTML
Rendered pages/home.html.erb within layouts/application (2.0ms)
Completed 200 OK in 6ms (Views: 6.1ms | ActiveRecord: 0.0ms)


Started GET "/pages/home" for 127.0.0.1 at 2011-05-21 21:09:38 +0200
  Processing by PagesController#home as HTML
Rendered pages/home.html.erb within layouts/application (43.2ms)
Completed   in 48ms

ActionView::Template::Error (Missing partial layouts/stylesheets with {:handlers=>[:erb, :rjs, :builder, :rhtml, :rxml], :formats=>[:html], :locale=>[:en, :en]} in view paths "/Users/ben/rails_projects/sample_app/app/views"):
    3:   <head>
    4:     <title><%= title %></title>
    5:     <%= csrf_meta_tag %>
    6:     <%= render 'layouts/stylesheets' %>
    7:   </head>
    8:   <body>
    9:     <div class="container">
  app/views/layouts/application.html.erb:6:in `_app_views_layouts_application_html_erb___4192209428179952337_2152936300_748173794727937845'

Rendered /Users/ben/.rvm/gems/ruby-1.9.2-p180/gems/actionpack-3.0.7/lib/action_dispatch/middleware/templates/rescues/_trace.erb (1.3ms)
Rendered /Users/ben/.rvm/gems/ruby-1.9.2-p180/gems/actionpack-3.0.7/lib/action_dispatch/middleware/templates/rescues/_request_and_response.erb (3.0ms)
Rendered /Users/ben/.rvm/gems/ruby-1.9.2-p180/gems/actionpack-3.0.7/lib/action_dispatch/middleware/templates/rescues/template_error.erb within rescues/layout (10.3ms)


Started GET "/pages/home" for 127.0.0.1 at 2011-05-21 21:10:40 +0200
  Processing by PagesController#home as HTML
Rendered layouts/_stylesheets.html.erb (1.0ms)
Rendered pages/home.html.erb within layouts/application (4.7ms)
Completed   in 10ms

ActionView::Template::Error (Missing partial layouts/header with {:handlers=>[:erb, :rjs, :builder, :rhtml, :rxml], :formats=>[:html], :locale=>[:en, :en]} in view paths "/Users/ben/rails_projects/sample_app/app/views"):
    7:   </head>
    8:   <body>
    9:     <div class="container">
    10:       <%= render 'layouts/header' %>
    11:       <section class="round">
    12:         <%= yield %>
    13:       </section>
  app/views/layouts/application.html.erb:10:in `_app_views_layouts_application_html_erb___4192209428179952337_2168902360_748173794727937845'

Rendered /Users/ben/.rvm/gems/ruby-1.9.2-p180/gems/actionpack-3.0.7/lib/action_dispatch/middleware/templates/rescues/_trace.erb (1.2ms)
Rendered /Users/ben/.rvm/gems/ruby-1.9.2-p180/gems/actionpack-3.0.7/lib/action_dispatch/middleware/templates/rescues/_request_and_response.erb (2.9ms)
Rendered /Users/ben/.rvm/gems/ruby-1.9.2-p180/gems/actionpack-3.0.7/lib/action_dispatch/middleware/templates/rescues/template_error.erb within rescues/layout (8.1ms)


Started GET "/pages/home" for 127.0.0.1 at 2011-05-21 21:11:07 +0200
  Processing by PagesController#home as HTML
Rendered layouts/_stylesheets.html.erb (1.0ms)
Rendered layouts/_header.html.erb (0.6ms)
Rendered pages/home.html.erb within layouts/application (5.2ms)
Completed 200 OK in 10ms (Views: 9.7ms | ActiveRecord: 0.0ms)


Started GET "/pages/home" for 127.0.0.1 at 2011-05-21 21:12:28 +0200
  Processing by PagesController#home as HTML
Rendered layouts/_stylesheets.html.erb (1.1ms)
Rendered layouts/_header.html.erb (0.7ms)
Rendered layouts/_header.html.erb (0.6ms)
Rendered pages/home.html.erb within layouts/application (35.4ms)
Completed 200 OK in 40ms (Views: 40.1ms | ActiveRecord: 0.0ms)


Started GET "/pages/home" for 127.0.0.1 at 2011-05-21 21:12:38 +0200
  Processing by PagesController#home as HTML
Rendered layouts/_stylesheets.html.erb (1.0ms)
Rendered layouts/_header.html.erb (0.7ms)
Rendered layouts/_footer.html.erb (0.4ms)
Rendered pages/home.html.erb within layouts/application (7.1ms)
Completed 200 OK in 13ms (Views: 12.1ms | ActiveRecord: 0.0ms)


Started GET "/pages/home" for 127.0.0.1 at 2011-05-21 21:13:19 +0200
  Processing by PagesController#home as HTML
Rendered layouts/_stylesheets.html.erb (1.0ms)
Rendered layouts/_header.html.erb (0.9ms)
Rendered layouts/_footer.html.erb (0.4ms)
Rendered pages/home.html.erb within layouts/application (6.7ms)
Completed 200 OK in 11ms (Views: 10.7ms | ActiveRecord: 0.0ms)


Started GET "/pages/home" for 127.0.0.1 at 2011-05-21 21:25:17 +0200

ActionController::RoutingError (No route matches "/pages/home"):
  

Rendered /Users/ben/.rvm/gems/ruby-1.9.2-p180/gems/actionpack-3.0.7/lib/action_dispatch/middleware/templates/rescues/routing_error.erb within rescues/layout (1.2ms)


Started GET "/home" for 127.0.0.1 at 2011-05-21 21:25:20 +0200

ActionController::RoutingError (No route matches "/home"):
  

Rendered /Users/ben/.rvm/gems/ruby-1.9.2-p180/gems/actionpack-3.0.7/lib/action_dispatch/middleware/templates/rescues/routing_error.erb within rescues/layout (1.0ms)


Started GET "/help" for 127.0.0.1 at 2011-05-21 21:25:24 +0200
  Processing by PagesController#help as HTML
Rendered layouts/_stylesheets.html.erb (1.0ms)
Rendered layouts/_header.html.erb (0.6ms)
Rendered layouts/_footer.html.erb (0.4ms)
Rendered pages/help.html.erb within layouts/application (6.0ms)
Completed 200 OK in 10ms (Views: 9.9ms | ActiveRecord: 0.0ms)


Started GET "/about" for 127.0.0.1 at 2011-05-21 21:25:32 +0200
  Processing by PagesController#about as HTML
Rendered layouts/_stylesheets.html.erb (1.2ms)
Rendered layouts/_header.html.erb (0.7ms)
Rendered layouts/_footer.html.erb (0.4ms)
Rendered pages/about.html.erb within layouts/application (6.9ms)
Completed 200 OK in 12ms (Views: 11.3ms | ActiveRecord: 0.0ms)


Started GET "/about" for 127.0.0.1 at 2011-05-21 21:27:00 +0200
  Processing by PagesController#about as HTML
Rendered layouts/_stylesheets.html.erb (1.1ms)
Rendered layouts/_header.html.erb (0.6ms)
Rendered layouts/_footer.html.erb (0.4ms)
Rendered pages/about.html.erb within layouts/application (6.4ms)
Completed 200 OK in 11ms (Views: 10.6ms | ActiveRecord: 0.0ms)


Started GET "/" for 127.0.0.1 at 2011-05-21 21:27:30 +0200
  Processing by PagesController#home as HTML
Rendered layouts/_stylesheets.html.erb (29.4ms)
Rendered layouts/_header.html.erb (0.7ms)
Rendered layouts/_footer.html.erb (0.4ms)
Rendered pages/home.html.erb within layouts/application (35.2ms)
Completed 200 OK in 40ms (Views: 39.9ms | ActiveRecord: 0.0ms)
